show running-config
version 17.9
service timestamps debug datetime msec
service timestamps log datetime msec
hostname TRAINING-ROUTER
enable secret 5 $1$abc$xyz
username admin privilege 15 secret 5 $1$def$uvw
ip domain name example.local
interface GigabitEthernet0/0
 description Uplink
 ip address 192.168.1.55 255.255.255.0
 no shutdown
interface GigabitEthernet0/1
 description UserAccess
 shutdown
interface Vlan1
 ip address 192.168.10.1 255.255.255.0
 no shutdown
line con 0
 login local
line vty 0 4
 transport input ssh
 login local
banner motd ^CUnauthorized access prohibited.^C
ntp server 192.168.10.10
end
Router#
