CPU utilization for five seconds: 2%/0%; one minute: 1%; five minutes: 1%
 PID Runtime(ms)     Invoked      uSecs   5Sec   1Min   5Min TTY Process 
   1         440        5268         83  0.00%  0.00%  0.00%   0 Chunk Manager    
   2       26052     8965144          2  0.00%  0.03%  0.02%   0 Load Meter       
   3           4         182         21  0.00%  0.00%  0.00%   0 Collection proce 
   4           4           1       4000  0.00%  0.00%  0.00%   0 EDDRI_MAIN       
   5    58305252     5329541      10940  0.00%  0.12%  0.11%   0 Check heaps      
   6         348        2005        173  0.00%  0.00%  0.00%   0 Pool Manager     
   7           8           2       4000  0.00%  0.00%  0.00%   0 Timers           
   8           0           1          0  0.00%  0.00%  0.00%   0 License Client N 
   9           0           1          0  0.00%  0.00%  0.00%   0 chkpt message ha 
  10          92      747096          0  0.00%  0.00%  0.00%   0 IPC Dynamic Cach 
  11           0           1          0  0.00%  0.00%  0.00%   0 IPC Zone Manager 
  12        8636    43772538          0  0.00%  0.00%  0.00%   0 IPC Periodic Tim 
  13        6828    43772539          0  0.00%  0.00%  0.00%   0 IPC Deferred Por 
  14           0           1          0  0.00%  0.00%  0.00%   0 IPC Seat Manager 
  15           0           1          0  0.00%  0.00%  0.00%   0 IPC BackPressure 
  16           0           1          0  0.00%  0.00%  0.00%   0 OIR Handler      
  17           0           1          0  0.00%  0.00%  0.00%   0 Crash writer     
  18        2576     1494189          1  0.00%  0.00%  0.00%   0 Environmental mo 
  19    26516476   258174865        102  0.07%  0.06%  0.07%   0 ARP Input        
  20       12400    46749121          0  0.00%  0.00%  0.00%   0 ARP Background   
  21           0           2          0  0.00%  0.00%  0.00%   0 ATM Idle Timer   
  22           0           2          0  0.00%  0.00%  0.00%   0 AAA high-capacit 
  23           0           1          0  0.00%  0.00%  0.00%   0 AAA_SERVER_DEADT 
  24           0           1          0  0.00%  0.00%  0.00%   0 Policy Manager   
  25           0           2          0  0.00%  0.00%  0.00%   0 DDR Timers       
  26           4           5        800  0.00%  0.00%  0.00%   0 Entity MIB API   
  27      206924     2416329         85  0.07%  0.01%  0.00%   0 EEM ED Syslog    
  28           0           2          0  0.00%  0.00%  0.00%   0 Serial Backgroun 
  29           0           1          0  0.00%  0.00%  0.00%   0 RO Notify Timers 
  30           0           1          0  0.00%  0.00%  0.00%   0 RMI RM Notify Wa 
  31           0           2          0  0.00%  0.00%  0.00%   0 SMART            
  32        5360    44825713          0  0.00%  0.00%  0.00%   0 GraphIt          
  33           0           2          0  0.00%  0.00%  0.00%   0 Dialer event     
  34           0           1          0  0.00%  0.00%  0.00%   0 SERIAL A'detect  
  35           0           2          0  0.00%  0.00%  0.00%   0 XML Proxy Client 
  36           0           1          0  0.00%  0.00%  0.00%   0 Critical Bkgnd   
  37        9924    12143298          0  0.00%  0.00%  0.00%   0 Net Background   
  38           4           2       2000  0.00%  0.00%  0.00%   0 IDB Work         
  39       39500      734298         53  0.00%  0.00%  0.00%   0 Logger           
  40       31944    44823628          0  0.07%  0.02%  0.00%   0 TTY Background   
  41       67124    44825718          1  0.07%  0.02%  0.00%   0 Per-Second Jobs  
  42         304     2988374          0  0.00%  0.00%  0.00%   0 c2800 Periodic   
  43           0           4          0  0.00%  0.00%  0.00%   0 IF-MGR control p 
  44          20         158        126  0.00%  0.00%  0.00%   0 IF-MGR event pro 
  45           0           1          0  0.00%  0.00%  0.00%   0 Inode Table Dest 
  46           0           1          0  0.00%  0.00%  0.00%   0 IKE HA Mgr       
  47           0           1          0  0.00%  0.00%  0.00%   0 IPSEC HA Mgr     
  48           4           4       1000  0.00%  0.00%  0.00%   0 rf task          
  49       20096      727765         27  0.00%  0.00%  0.00%   0 Net Input        
  50       13824     8965146          1  0.00%  0.00%  0.00%   0 Compute load avg 
  51    17931708      748818      23946  0.00%  0.02%  0.00%   0 Per-minute Jobs  
  52           0           1          0  0.00%  0.00%  0.00%   0 AggMgr Process   
 PID Runtime(ms)     Invoked      uSecs   5Sec   1Min   5Min TTY Process
  53           0           1          0  0.00%  0.00%  0.00%   0 Token Daemon     
  54         260      801922          0  0.00%  0.00%  0.00%   0 Transport Port A 
  55       12240    13425642          0  0.00%  0.00%  0.00%   0 HC Counter Timer 
  56           0           1          0  0.00%  0.00%  0.00%   0 dev_device_inser 
  57           0           1          0  0.00%  0.00%  0.00%   0 dev_device_remov 
  58           0           1          0  0.00%  0.00%  0.00%   0 sal_dpc_process  
  59           0           1          0  0.00%  0.00%  0.00%   0 ARL Table Manage 
  60           0           2          0  0.00%  0.00%  0.00%   0 ESWPPM           
  61           0           2          0  0.00%  0.00%  0.00%   0 Eswilp Storm Con 
  62           0           2          0  0.00%  0.00%  0.00%   0 ESWILPPM         
  63           0           2          0  0.00%  0.00%  0.00%   0 Eswilp Storm Con 
  64       30244   179296397          0  0.00%  0.00%  0.00%   0 Netclock Backgro 
  65           4          17        235  0.00%  0.00%  0.00%   0 SM Monitor       
  66           0           2          0  0.00%  0.00%  0.00%   0 Bryce I2C CMD Qu 
  67         260           4      65000  0.00%  0.00%  0.00%   0 USB Startup      
  68        1240     7470896          0  0.00%  0.00%  0.00%   0 mxt5100          
  69           4           2       2000  0.00%  0.00%  0.00%   0 VNM DSPRM MAIN   
  70           0           1          0  0.00%  0.00%  0.00%   0 DSPFARM DSP READ 
  71           0           2          0  0.00%  0.00%  0.00%   0 FLEX DNLD MAIN   
  72           0           1          0  0.00%  0.00%  0.00%   0 HDV background   
  73           0           2          0  0.00%  0.00%  0.00%   0 VMI Background   
  74           0           1          0  0.00%  0.00%  0.00%   0 RF_INTERDEV_DELA 
  75           0           1          0  0.00%  0.00%  0.00%   0 RF_INTERDEV_SCTP 
  76           0           2          0  0.00%  0.00%  0.00%   0 cpf_process_msg_ 
  77           0           4          0  0.00%  0.00%  0.00%   0 Ether-Switch RBC 
  78           0           1          0  0.00%  0.00%  0.00%   0 IGMP Snooping Pr 
  79           0           1          0  0.00%  0.00%  0.00%   0 IGMP Snooping Re 
  80          64     1494189          0  0.00%  0.00%  0.00%   0 Call Management  
  81           0           1          0  0.00%  0.00%  0.00%   0 AAL2CPS TIMER_CU 
  82           0           1          0  0.00%  0.00%  0.00%   0 CES Line Conditi 
  83           0           1          0  0.00%  0.00%  0.00%   0 CF_INTERDEV_SCTP 
  84         112          11      10181  0.00%  0.00%  0.00%   0 Async write proc 
  85           0           1          0  0.00%  0.00%  0.00%   0 Async write proc 
  86           0           1          0  0.00%  0.00%  0.00%   0 Async write proc 
  87           0           1          0  0.00%  0.00%  0.00%   0 Async write proc 
  88         364      747095          0  0.00%  0.00%  0.00%   0 DFS flush period 
  89           0           1          0  0.00%  0.00%  0.00%   0 Switch Link Moni 
  90       18140    74697378          0  0.00%  0.00%  0.00%   0 ILPM             
  91        1412         282       5007  1.27%  0.43%  0.28% 514 SSH Process      
  92        5492    44825716          0  0.00%  0.00%  0.00%   0 Crypto Device Up 
  93           4           2       2000  0.00%  0.00%  0.00%   0 Multi-ISA Event  
  94           0           1          0  0.00%  0.00%  0.00%   0 Multi-ISA Cleanu 
  95          12          27        444  0.00%  0.00%  0.00%   0 crypto engine pr 
  96       11092    44825716          0  0.00%  0.00%  0.00%   0 Kontrol Common H 
  97           4           2       2000  0.00%  0.00%  0.00%   0 Dot1x Mgr Proces 
  98           0           1          0  0.00%  0.00%  0.00%   0 MAB Framework    
  99           0           1          0  0.00%  0.00%  0.00%   0 EAP Framework    
 100           0           2          0  0.00%  0.00%  0.00%   0 DTP Protocol     
 101        4944    44823524          0  0.00%  0.00%  0.00%   0 PI MATM Aging Pr 
 102         528     4482552          0  0.00%  0.00%  0.00%   0 EtherChnl        
 103           0           2          0  0.00%  0.00%  0.00%   0 Ethernet CFM     
 104       10216    43772535          0  0.00%  0.00%  0.00%   0 Ethernet Timer C 
 105        6572    44823528          0  0.00%  0.00%  0.00%   0 linktest         
 106           0           2          0  0.00%  0.00%  0.00%   0 Dot11 Mgmt & Ass 
 PID Runtime(ms)     Invoked      uSecs   5Sec   1Min   5Min TTY Process
 107           0           2          0  0.00%  0.00%  0.00%   0 Dot11 aaa proces 
 108         144      747095          0  0.00%  0.00%  0.00%   0 pmkid            
 109           0           2          0  0.00%  0.00%  0.00%   0 Dot11 auth Dot1x 
 110           0           1          0  0.00%  0.00%  0.00%   0 Dot11 Mac Auth   
 111           0           2          0  0.00%  0.00%  0.00%   0 AAA Dictionary R 
 112       10504       37687        278  0.00%  0.00%  0.00%   0 AAA Server       
 113           0           1          0  0.00%  0.00%  0.00%   0 AAA ACCT Proc    
 114           0           1          0  0.00%  0.00%  0.00%   0 ACCT Periodic Pr 
 115           0           1          0  0.00%  0.00%  0.00%   0 cpf_process_tpQ  
 116           0           2          0  0.00%  0.00%  0.00%   0 Ethernet OAM Pro 
 117           0           2          0  0.00%  0.00%  0.00%   0 CEF switching ba 
 118           4          63         63  0.00%  0.00%  0.00%   0 ADJ resolve proc 
 119      332676     2027026        164  0.00%  0.00%  0.00%   0 IP ARP Adjacency 
 120           0           1          0  0.00%  0.00%  0.00%   0 IP ARP Retry Age 
 121    12898668    83510766        154  0.15%  0.06%  0.03%   0 IP Input         
 122           0           1          0  0.00%  0.00%  0.00%   0 ICMP event handl 
 123           0           1          0  0.00%  0.00%  0.00%   0 IPv6 Echo event  
 124           0           1          0  0.00%  0.00%  0.00%   0 LSP Tunnel FRR   
 125           0           1          0  0.00%  0.00%  0.00%   0 MPLS Auto-Tunnel 
 126         144       74567          1  0.00%  0.00%  0.00%   0 MOP Protocols    
 127           0           3          0  0.00%  0.00%  0.00%   0 PPP Hooks        
 128           0       11010          0  0.00%  0.00%  0.00%   0 SSH Event handle 
 129           0           1          0  0.00%  0.00%  0.00%   0 SSS Manager      
 130           0           1          0  0.00%  0.00%  0.00%   0 SSS Feature Mana 
 131           0           1          0  0.00%  0.00%  0.00%   0 SSS Feature Time 
 132           0           2          0  0.00%  0.00%  0.00%   0 Spanning Tree    
 133           0           1          0  0.00%  0.00%  0.00%   0 X.25 Encaps Mana 
 134           0         126          0  0.00%  0.00%  0.00%   0 SSM connection m 
 135           0           1          0  0.00%  0.00%  0.00%   0 AC Switch        
 136          32      149420          0  0.00%  0.00%  0.00%   0 Authentication P 
 137           0           1          0  0.00%  0.00%  0.00%   0 Auth-proxy AAA B 
 138          88           2      44000  0.00%  0.00%  0.00%   0 EAPoUDP Process  
 139           0           2          0  0.00%  0.00%  0.00%   0 IP Host Track Pr 
 140           0           2          0  0.00%  0.00%  0.00%   0 KRB5 AAA         
 141           0           2          0  0.00%  0.00%  0.00%   0 Ethernet LMI     
 142           0           2          0  0.00%  0.00%  0.00%   0 PPP IP Route     
 143           0           2          0  0.00%  0.00%  0.00%   0 PPP IPCP         
 144        6660     1482860          4  0.00%  0.00%  0.00%   0 IP Background    
 145        2848      747292          3  0.00%  0.00%  0.00%   0 IP RIB Update    
 146           0           2          0  0.00%  0.00%  0.00%   0 Dot1x Supplicant 
 147           0           2          0  0.00%  0.00%  0.00%   0 Dot1x Supplicant 
 148           0           2          0  0.00%  0.00%  0.00%   0 Dot1x Supplicant 
 149           0           1          0  0.00%  0.00%  0.00%   0 Asy FS Helper    
 150         816      747095          1  0.00%  0.00%  0.00%   0 Licensing Auto U 
 151           0           1          0  0.00%  0.00%  0.00%   0 Socket Timers    
 152         572      970339          0  0.00%  0.00%  0.00%   0 CEF background p 
 153       38312    69231566          0  0.00%  0.01%  0.00%   0 CEF: IPv4 proces 
 154           0          62          0  0.00%  0.00%  0.00%   0 ADJ background   
 155           0           4          0  0.00%  0.00%  0.00%   0 L2MM             
 156           0           1          0  0.00%  0.00%  0.00%   0 MRD              
 157           0           1          0  0.00%  0.00%  0.00%   0 IGMPSN           
 158           0           1          0  0.00%  0.00%  0.00%   0 L2X Data Daemon  
 159         836      111823          7  0.00%  0.00%  0.00%   0 TCP Timer        
 160       71388      848789         84  0.00%  0.00%  0.00%   0 TCP Protocols    
 PID Runtime(ms)     Invoked      uSecs   5Sec   1Min   5Min TTY Process
 161          40      149420          0  0.00%  0.00%  0.00%   0 HTTP CORE        
 162           0           1          0  0.00%  0.00%  0.00%   0 IP Traceroute    
 163           0           2          0  0.00%  0.00%  0.00%   0 RLM groups Proce 
 164           4           2       2000  0.00%  0.00%  0.00%   0 PPPoE Flow Contr 
 165           0           3          0  0.00%  0.00%  0.00%   0 SNMP Timers      
 166           0           2          0  0.00%  0.00%  0.00%   0 SCTP Main Proces 
 167           0           1          0  0.00%  0.00%  0.00%   0 IUA Main Process 
 168       14496    44823527          0  0.00%  0.00%  0.00%   0 RUDPV1 Main Proc 
 169           0           1          0  0.00%  0.00%  0.00%   0 bsm_timers       
 170        5468    44823528          0  0.00%  0.00%  0.00%   0 bsm_xmt_proc     
 171           0           1          0  0.00%  0.00%  0.00%   0 CES Client SVC R 
 172           0           1          0  0.00%  0.00%  0.00%   0 COPS             
 173           0           2          0  0.00%  0.00%  0.00%   0 Dialer Forwarder 
 174           0           3          0  0.00%  0.00%  0.00%   0 Flow Exporter Ti 
 175           0           2          0  0.00%  0.00%  0.00%   0 ATM OAM Input    
 176           0           2          0  0.00%  0.00%  0.00%   0 ATM OAM TIMER    
 177       24624      701088         35  0.00%  0.00%  0.00%   0 RARP Input       
 178           0           1          0  0.00%  0.00%  0.00%   0 LAPB Process     
 179           0           1          0  0.00%  0.00%  0.00%   0 IPv6 Inspect Tim 
 180           0           2          0  0.00%  0.00%  0.00%   0 LFDp Input Proc  
 181           0           1          0  0.00%  0.00%  0.00%   0 PAD InCall       
 182           0           2          0  0.00%  0.00%  0.00%   0 X.25 Background  
 183           0           2          0  0.00%  0.00%  0.00%   0 PPP Bind         
 184           0           2          0  0.00%  0.00%  0.00%   0 PPP SSS          
 185           0           1          0  0.00%  0.00%  0.00%   0 MQC Flow Event B 
 186      282940  2592678818          0  0.39%  0.38%  0.39%   0 HQF Shaper Backg 
 187       88468   448079453          0  0.07%  0.01%  0.00%   0 RBSCP Background 
 188           0           1          0  0.00%  0.00%  0.00%   0 VPDN call manage 
 189           0           1          0  0.00%  0.00%  0.00%   0 CHKPT EXAMPLE    
 190           0           1          0  0.00%  0.00%  0.00%   0 CHKPT DevTest    
 191           0           1          0  0.00%  0.00%  0.00%   0 IPS Process      
 192           4           2       2000  0.00%  0.00%  0.00%   0 IPS Auto Update  
 193           0           2          0  0.00%  0.00%  0.00%   0 SDEE Management  
 194       13964    87541287          0  0.00%  0.00%  0.00%   0 Inspect process  
 196        1320     3584445          0  0.00%  0.00%  0.00%   0 FW DP Inspect pr 
 197       13408    87541285          0  0.00%  0.00%  0.00%   0 CCE DP URLF cach 
 198           0           2          0  0.00%  0.00%  0.00%   0 URL filter proc  
 199           0           1          0  0.00%  0.00%  0.00%   0 Select Timers    
 200           8           2       4000  0.00%  0.00%  0.00%   0 HTTP Process     
 201           0           2          0  0.00%  0.00%  0.00%   0 CIFS API Process 
 202           0           2          0  0.00%  0.00%  0.00%   0 CIFS Proxy Proce 
 203           4           3       1333  0.00%  0.00%  0.00%   0 Crypto HW Proc   
 204        2132     1793030          1  0.00%  0.00%  0.00%   0 CRM_CALL_UPDATE_ 
 205         112           2      56000  0.00%  0.00%  0.00%   0 CCVPM_HDSPRM     
 206           0           4          0  0.00%  0.00%  0.00%   0 HDA DSPRM MAIN   
 207           4           2       2000  0.00%  0.00%  0.00%   0 STUN_APP         
 208           0           1          0  0.00%  0.00%  0.00%   0 STUN_TEST        
 209     3457628    22702899        152  0.00%  0.01%  0.00%   0 IP SNMP          
 210           0           2          0  0.00%  0.00%  0.00%   0 AAA Cached Serve 
 211           0           2          0  0.00%  0.00%  0.00%   0 ENABLE AAA       
 212           0           1          0  0.00%  0.00%  0.00%   0 EM Background Pr 
 213           0           1          0  0.00%  0.00%  0.00%   0 Key chain liveke 
 214           0           2          0  0.00%  0.00%  0.00%   0 LINE AAA         
 215        8012       38002        210  0.00%  0.00%  0.00%   0 LOCAL AAA        
 PID Runtime(ms)     Invoked      uSecs   5Sec   1Min   5Min TTY Process
 216           4          20        200  0.00%  0.00%  0.00%   0 MPLS Auto Mesh P 
 217           0           2          0  0.00%  0.00%  0.00%   0 TPLUS            
 218           0           2          0  0.00%  0.00%  0.00%   0 VSP_MGR          
 219           4           1       4000  0.00%  0.00%  0.00%   0 FW_TEST_TRP      
 220           0           1          0  0.00%  0.00%  0.00%   0 EPM MAIN PROCESS 
 221           0           3          0  0.00%  0.00%  0.00%   0 Crypto WUI       
 222           0           2          0  0.00%  0.00%  0.00%   0 Crypto Support   
 223           0           1          0  0.00%  0.00%  0.00%   0 IPSECv6 PS Proc  
 224           0           1          0  0.00%  0.00%  0.00%   0 CCVPM_HTSP       
 225           0           2          0  0.00%  0.00%  0.00%   0 VPM_MWI_BACKGROU 
 226           0           1          0  0.00%  0.00%  0.00%   0 CCVPM_R2         
 227           0           1          0  0.00%  0.00%  0.00%   0 EPHONE MWI Refre 
 228           4       49807          0  0.00%  0.00%  0.00%   0 FB/KS Log HouseK 
 229           0           2          0  0.00%  0.00%  0.00%   0 EPHONE MWI BG Pr 
 230           0           1          0  0.00%  0.00%  0.00%   0 Skinny HW confer 
 231        5096    16589347          0  0.00%  0.00%  0.00%   0 FLEX DSPRM MAIN  
 232        2600    16589345          0  0.00%  0.00%  0.00%   0 FLEX DSP KEEPALI 
 233         668     1494188          0  0.00%  0.00%  0.00%   0 VOICE REG BG Pro 
 234           0           1          0  0.00%  0.00%  0.00%   0 Presence Process 
 235           0           1          0  0.00%  0.00%  0.00%   0 CCSWVOICE        
 236     1436412    11401731        125  0.00%  0.00%  0.00%   0 PDU DISPATCHER   
 237           0           1          0  0.00%  0.00%  0.00%   0 http client proc 
 238           0           1          0  0.00%  0.00%  0.00%   0 LICENSE AGENT    
 239           0           1          0  0.00%  0.00%  0.00%   0 QOS_MODULE_MAIN  
 240           4           1       4000  0.00%  0.00%  0.00%   0 RPMS_PROC_MAIN   
 241           0           1          0  0.00%  0.00%  0.00%   0 VoIP AAA         
 242           0           2          0  0.00%  0.00%  0.00%   0 Dialog Manager   
 243           0           4          0  0.00%  0.00%  0.00%   0 Crypto CA        
 244           0           1          0  0.00%  0.00%  0.00%   0 Crypto PKI-CRL   
 245           0           1          0  0.00%  0.00%  0.00%   0 encrypt proc     
 246        7768         729      10655  0.00%  0.00%  0.00%   0 crypto sw pk pro 
 247           0           1          0  0.00%  0.00%  0.00%   0 Crypto INT       
 248           0           3          0  0.00%  0.00%  0.00%   0 Crypto IKE Dispa 
 249           0           3          0  0.00%  0.00%  0.00%   0 Crypto IKMP      
 250           0           1          0  0.00%  0.00%  0.00%   0 IPSEC manual key 
 251         648     2241283          0  0.00%  0.00%  0.00%   0 IPSEC key engine 
 252           0           1          0  0.00%  0.00%  0.00%   0 CRYPTO QoS proce 
 253           8          31        258  0.00%  0.00%  0.00%   0 Crypto ACL       
 254           0           1          0  0.00%  0.00%  0.00%   0 Crypto PAS Proc  
 255           0           1          0  0.00%  0.00%  0.00%   0 GDOI GM Process  
 256           0           1          0  0.00%  0.00%  0.00%   0 UNICAST REKEY    
 257           0           1          0  0.00%  0.00%  0.00%   0 UNICAST REKEY AC 
 258           0           1          0  0.00%  0.00%  0.00%   0 PM Callback      
 259           0           1          0  0.00%  0.00%  0.00%   0 Licensing MIB pr 
 260       37116   224118496          0  0.00%  0.00%  0.00%   0 Atheros LED Ctro 
 261           0           2          0  0.00%  0.00%  0.00%   0 Control-plane ho 
 262           0           1          0  0.00%  0.00%  0.00%   0 DATA Transfer Pr 
 263           0           1          0  0.00%  0.00%  0.00%   0 DATA Collector   
 264           0           2          0  0.00%  0.00%  0.00%   0 AAA SEND STOP EV 
 265           0           2          0  0.00%  0.00%  0.00%   0 EEM ED Resource  
 266           0           2          0  0.00%  0.00%  0.00%   0 EEM ED Routing   
 267           0           3          0  0.00%  0.00%  0.00%   0 EEM ED Track     
 268         448     4482552          0  0.00%  0.00%  0.00%   0 RMON Recycle Pro 
 269           0           2          0  0.00%  0.00%  0.00%   0 RMON Deferred Se 
 PID Runtime(ms)     Invoked      uSecs   5Sec   1Min   5Min TTY Process
 270         168          22       7636  0.00%  0.00%  0.00%   0 Syslog Traps     
 271        1592     1400802          1  0.00%  0.00%  0.00%   0 Crypto cTCP proc 
 272         680        8070         84  0.00%  0.00%  0.00%   0 EEM Server       
 273          16           2       8000  0.00%  0.00%  0.00%   0 VLAN Manager     
 274    16638008    11402446       1459  0.00%  0.08%  0.07%   0 SNMP ENGINE      
 275           0           1          0  0.00%  0.00%  0.00%   0 IP SNMPV6        
 276        6700    44821653          0  0.00%  0.00%  0.00%   0 trunk conditioni 
 277           0           1          0  0.00%  0.00%  0.00%   0 trunk conditioni 
 278       13212    44825717          0  0.00%  0.00%  0.00%   0 CME Extension Mo 
 279           0           1          0  0.00%  0.00%  0.00%   0 IP SLAs Ethernet 
 280           0           2          0  0.00%  0.00%  0.00%   0 EEM Policy Direc 
 281           0           2          0  0.00%  0.00%  0.00%   0 EEM ED CLI       
 282           0           3          0  0.00%  0.00%  0.00%   0 EEM ED Counter   
 283           0           3          0  0.00%  0.00%  0.00%   0 EM ED GOLD       
 284           0           3          0  0.00%  0.00%  0.00%   0 EEM ED Interface 
 285           0           3          0  0.00%  0.00%  0.00%   0 EEM ED IOSWD     
 286           0           3          0  0.00%  0.00%  0.00%   0 EEM ED Ipsla     
 287           4           3       1333  0.00%  0.00%  0.00%   0 EEM ED None      
 288           0           2          0  0.00%  0.00%  0.00%   0 EEM ED Nf        
 289           0           3          0  0.00%  0.00%  0.00%   0 EEM ED OIR       
 290           0           3          0  0.00%  0.00%  0.00%   0 EEM ED RF        
 291           0           3          0  0.00%  0.00%  0.00%   0 EEM ED SNMP      
 292           0           2          0  0.00%  0.00%  0.00%   0 EEM ED SNMP Noti 
 293         312     1121254          0  0.00%  0.00%  0.00%   0 EEM ED Timer     
 294           0           3          0  0.00%  0.00%  0.00%   0 EEM ED Test      
 295           0           3          0  0.00%  0.00%  0.00%   0 EEM ED Config    
 296           4           3       1333  0.00%  0.00%  0.00%   0 EEM ED Env       
 297        1860        1162       1600  0.00%  0.00%  0.00%   0 Syslog           
 298           0           1          0  0.00%  0.00%  0.00%   0 VPDN Test        
 299           0           3          0  0.00%  0.00%  0.00%   0 EEM ED RPC       
 300         628       38140         16  0.00%  0.00%  0.00%   0 Key Proc         
 301           0           1          0  0.00%  0.00%  0.00%   0 tHUB             
 302           0           1          0  0.00%  0.00%  0.00%   0 SNMP ConfCopyPro 
 303       41724       79054        527  0.00%  0.00%  0.00%   0 SNMP Traps       
 304     2453780    44825733         54  0.00%  0.00%  0.00%   0 NTP